#
# There is insufficient memory for the Java Runtime Environment to continue.
# Native memory allocation (mmap) failed to map 357892096 bytes for committing reserved memory.
# Possible reasons:
#   The system is out of physical RAM or swap space
#   The process is running with CompressedOops enabled, and the Java Heap may be blocking the growth of the native heap
# Possible solutions:
#   Reduce memory load on the system
#   Increase physical memory or swap space
#   Check if swap backing store is full
#   Decrease Java heap size (-Xmx/-Xms)
#   Decrease number of Java threads
#   Decrease Java thread stack sizes (-Xss)
#   Set larger code cache with -XX:ReservedCodeCacheSize=
# This output file may be truncated or incomplete.
#
#  Out of Memory Error (os_linux.cpp:2757), pid=18125, tid=0x00007f18b80ef700
#
# JRE version:  (8.0_252-b09) (build )
# Java VM: OpenJDK 64-Bit Server VM (25.252-b09 mixed mode linux-amd64 compressed oops)
# Failed to write core dump. Core dumps have been disabled. To enable core dumping, try "ulimit -c unlimited" before starting Java again
#

---------------  T H R E A D  ---------------

Current thread (0x00007f18b000b000):  JavaThread "Unknown thread" [_thread_in_vm, id=18126, stack(0x00007f18b7ff0000,0x00007f18b80f0000)]

Stack: [0x00007f18b7ff0000,0x00007f18b80f0000],  sp=0x00007f18b80ee570,  free space=1017k
Native frames: (J=compiled Java code, j=interpreted, Vv=VM code, C=native code)
V  [libjvm.so+0xabcb22]
V  [libjvm.so+0x4de337]
V  [libjvm.so+0x8f6ad0]
V  [libjvm.so+0x8edb9e]
V  [libjvm.so+0xab8d6c]
V  [libjvm.so+0x5e6e96]
V  [libjvm.so+0x4e85ff]
V  [libjvm.so+0x5e88bd]
V  [libjvm.so+0x5d2a0f]
V  [libjvm.so+0xa7ee4a]
V  [libjvm.so+0xa7f145]
V  [libjvm.so+0x62c43f]
V  [libjvm.so+0xa62b93]
V  [libjvm.so+0x6af791]  JNI_CreateJavaVM+0x61
C  [libjli.so+0x2ce3]
C  [libjli.so+0x78cd]
C  [libpthread.so.0+0x76db]  start_thread+0xdb


---------------  P R O C E S S  ---------------

Java Threads: ( => current thread )

Other Threads:

=>0x00007f18b000b000 (exited) JavaThread "Unknown thread" [_thread_in_vm, id=18126, stack(0x00007f18b7ff0000,0x00007f18b80f0000)]

VM state:not at safepoint (not fully initialized)

VM Mutex/Monitor currently owned by a thread: None

heap address: 0x00000000c0000000, size: 1024 MB, Compressed Oops mode: Non-zero based:0x00000000bffff000
Narrow klass base: 0x0000000000000000, Narrow klass shift: 0

GC Heap History (0 events):
No events

Deoptimization events (0 events):
No events

Classes redefined (0 events):
No events

Internal exceptions (0 events):
No events

Events (0 events):
No events


Dynamic libraries:
d5550000-100000000 ---p 00000000 00:00 0 
5643ad1c4000-5643ad1c5000 r-xp 00000000 ca:03 522952                     /usr/lib/jvm/java-8-openjdk-amd64/jre/bin/java
5643ad3c4000-5643ad3c5000 r--p 00000000 ca:03 522952                     /usr/lib/jvm/java-8-openjdk-amd64/jre/bin/java
5643ad3c5000-5643ad3c6000 rw-p 00001000 ca:03 522952                     /usr/lib/jvm/java-8-openjdk-amd64/jre/bin/java
5643af340000-5643af361000 rw-p 00000000 00:00 0                          [heap]
7f18a1000000-7f18a1270000 rwxp 00000000 00:00 0 
7f18a1270000-7f18b0000000 ---p 00000000 00:00 0 
7f18b0000000-7f18b0032000 rw-p 00000000 00:00 0 
7f18b0032000-7f18b4000000 ---p 00000000 00:00 0 
7f18b4373000-7f18b4573000 ---p 00000000 00:00 0 
7f18b4573000-7f18b457e000 rw-p 00000000 00:00 0 
7f18b457e000-7f18b4934000 ---p 00000000 00:00 0 
7f18b4934000-7f18b493c000 r-xp 00000000 ca:03 522998                     /usr/lib/jvm/java-8-openjdk-amd64/jre/lib/amd64/libzip.so
7f18b493c000-7f18b4b3b000 ---p 00008000 ca:03 522998                     /usr/lib/jvm/java-8-openjdk-amd64/jre/lib/amd64/libzip.so
7f18b4b3b000-7f18b4b3c000 r--p 00007000 ca:03 522998                     /usr/lib/jvm/java-8-openjdk-amd64/jre/lib/amd64/libzip.so
7f18b4b3c000-7f18b4b3d000 rw-p 00008000 ca:03 522998                     /usr/lib/jvm/java-8-openjdk-amd64/jre/lib/amd64/libzip.so
7f18b4b3d000-7f18b4b48000 r-xp 00000000 ca:03 1123                       /lib/x86_64-linux-gnu/libnss_files-2.27.so
7f18b4b48000-7f18b4d47000 ---p 0000b000 ca:03 1123                       /lib/x86_64-linux-gnu/libnss_files-2.27.so
7f18b4d47000-7f18b4d48000 r--p 0000a000 ca:03 1123                       /lib/x86_64-linux-gnu/libnss_files-2.27.so
7f18b4d48000-7f18b4d49000 rw-p 0000b000 ca:03 1123                       /lib/x86_64-linux-gnu/libnss_files-2.27.so
7f18b4d49000-7f18b4d4f000 rw-p 00000000 00:00 0 
7f18b4d4f000-7f18b4d66000 r-xp 00000000 ca:03 1117                       /lib/x86_64-linux-gnu/libnsl-2.27.so
7f18b4d66000-7f18b4f65000 ---p 00017000 ca:03 1117                       /lib/x86_64-linux-gnu/libnsl-2.27.so
7f18b4f65000-7f18b4f66000 r--p 00016000 ca:03 1117                       /lib/x86_64-linux-gnu/libnsl-2.27.so
7f18b4f66000-7f18b4f67000 rw-p 00017000 ca:03 1117                       /lib/x86_64-linux-gnu/libnsl-2.27.so
7f18b4f67000-7f18b4f69000 rw-p 00000000 00:00 0 
7f18b4f69000-7f18b4f74000 r-xp 00000000 ca:03 1127                       /lib/x86_64-linux-gnu/libnss_nis-2.27.so
7f18b4f74000-7f18b5173000 ---p 0000b000 ca:03 1127                       /lib/x86_64-linux-gnu/libnss_nis-2.27.so
7f18b5173000-7f18b5174000 r--p 0000a000 ca:03 1127                       /lib/x86_64-linux-gnu/libnss_nis-2.27.so
7f18b5174000-7f18b5175000 rw-p 0000b000 ca:03 1127                       /lib/x86_64-linux-gnu/libnss_nis-2.27.so
7f18b5175000-7f18b517d000 r-xp 00000000 ca:03 1119                       /lib/x86_64-linux-gnu/libnss_compat-2.27.so
7f18b517d000-7f18b537d000 ---p 00008000 ca:03 1119                       /lib/x86_64-linux-gnu/libnss_compat-2.27.so
7f18b537d000-7f18b537e000 r--p 00008000 ca:03 1119                       /lib/x86_64-linux-gnu/libnss_compat-2.27.so
7f18b537e000-7f18b537f000 rw-p 00009000 ca:03 1119                       /lib/x86_64-linux-gnu/libnss_compat-2.27.so
7f18b537f000-7f18b53a9000 r-xp 00000000 ca:03 522979                     /usr/lib/jvm/java-8-openjdk-amd64/jre/lib/amd64/libjava.so
7f18b53a9000-7f18b55a8000 ---p 0002a000 ca:03 522979                     /usr/lib/jvm/java-8-openjdk-amd64/jre/lib/amd64/libjava.so
7f18b55a8000-7f18b55a9000 r--p 00029000 ca:03 522979                     /usr/lib/jvm/java-8-openjdk-amd64/jre/lib/amd64/libjava.so
7f18b55a9000-7f18b55ab000 rw-p 0002a000 ca:03 522979                     /usr/lib/jvm/java-8-openjdk-amd64/jre/lib/amd64/libjava.so
7f18b55ab000-7f18b55bb000 r-xp 00000000 ca:03 522997                     /usr/lib/jvm/java-8-openjdk-amd64/jre/lib/amd64/libverify.so
7f18b55bb000-7f18b57ba000 ---p 00010000 ca:03 522997                     /usr/lib/jvm/java-8-openjdk-amd64/jre/lib/amd64/libverify.so
7f18b57ba000-7f18b57bc000 r--p 0000f000 ca:03 522997                     /usr/lib/jvm/java-8-openjdk-amd64/jre/lib/amd64/libverify.so
7f18b57bc000-7f18b57bd000 rw-p 00011000 ca:03 522997                     /usr/lib/jvm/java-8-openjdk-amd64/jre/lib/amd64/libverify.so
7f18b57bd000-7f18b57c4000 r-xp 00000000 ca:03 1149                       /lib/x86_64-linux-gnu/librt-2.27.so
7f18b57c4000-7f18b59c3000 ---p 00007000 ca:03 1149                       /lib/x86_64-linux-gnu/librt-2.27.so
7f18b59c3000-7f18b59c4000 r--p 00006000 ca:03 1149                       /lib/x86_64-linux-gnu/librt-2.27.so
7f18b59c4000-7f18b59c5000 rw-p 00007000 ca:03 1149                       /lib/x86_64-linux-gnu/librt-2.27.so
7f18b59c5000-7f18b59dc000 r-xp 00000000 ca:03 49                         /lib/x86_64-linux-gnu/libgcc_s.so.1
7f18b59dc000-7f18b5bdb000 ---p 00017000 ca:03 49                         /lib/x86_64-linux-gnu/libgcc_s.so.1
7f18b5bdb000-7f18b5bdc000 r--p 00016000 ca:03 49                         /lib/x86_64-linux-gnu/libgcc_s.so.1
7f18b5bdc000-7f18b5bdd000 rw-p 00017000 ca:03 49                         /lib/x86_64-linux-gnu/libgcc_s.so.1
7f18b5bdd000-7f18b5d7a000 r-xp 00000000 ca:03 1102                       /lib/x86_64-linux-gnu/libm-2.27.so
7f18b5d7a000-7f18b5f79000 ---p 0019d000 ca:03 1102                       /lib/x86_64-linux-gnu/libm-2.27.so
7f18b5f79000-7f18b5f7a000 r--p 0019c000 ca:03 1102                       /lib/x86_64-linux-gnu/libm-2.27.so
7f18b5f7a000-7f18b5f7b000 rw-p 0019d000 ca:03 1102                       /lib/x86_64-linux-gnu/libm-2.27.so
7f18b5f7b000-7f18b60f4000 r-xp 00000000 ca:03 914                        /usr/lib/x86_64-linux-gnu/libstdc++.so.6.0.25
7f18b60f4000-7f18b62f4000 ---p 00179000 ca:03 914                        /usr/lib/x86_64-linux-gnu/libstdc++.so.6.0.25
7f18b62f4000-7f18b62fe000 r--p 00179000 ca:03 914                        /usr/lib/x86_64-linux-gnu/libstdc++.so.6.0.25
7f18b62fe000-7f18b6300000 rw-p 00183000 ca:03 914                        /usr/lib/x86_64-linux-gnu/libstdc++.so.6.0.25
7f18b6300000-7f18b6304000 rw-p 00000000 00:00 0 
7f18b6304000-7f18b6fa8000 r-xp 00000000 ca:03 523001                     /usr/lib/jvm/java-8-openjdk-amd64/jre/lib/amd64/server/libjvm.so
7f18b6fa8000-7f18b71a8000 ---p 00ca4000 ca:03 523001                     /usr/lib/jvm/java-8-openjdk-amd64/jre/lib/amd64/server/libjvm.so
7f18b71a8000-7f18b723c000 r--p 00ca4000 ca:03 523001                     /usr/lib/jvm/java-8-openjdk-amd64/jre/lib/amd64/server/libjvm.so
7f18b723c000-7f18b7265000 rw-p 00d38000 ca:03 523001                     /usr/lib/jvm/java-8-openjdk-amd64/jre/lib/amd64/server/libjvm.so
7f18b7265000-7f18b7295000 rw-p 00000000 00:00 0 
7f18b7295000-7f18b72af000 r-xp 00000000 ca:03 1143                       /lib/x86_64-linux-gnu/libpthread-2.27.so
7f18b72af000-7f18b74ae000 ---p 0001a000 ca:03 1143                       /lib/x86_64-linux-gnu/libpthread-2.27.so
7f18b74ae000-7f18b74af000 r--p 00019000 ca:03 1143                       /lib/x86_64-linux-gnu/libpthread-2.27.so
7f18b74af000-7f18b74b0000 rw-p 0001a000 ca:03 1143                       /lib/x86_64-linux-gnu/libpthread-2.27.so
7f18b74b0000-7f18b74b4000 rw-p 00000000 00:00 0 
7f18b74b4000-7f18b74b7000 r-xp 00000000 ca:03 1073                       /lib/x86_64-linux-gnu/libdl-2.27.so
7f18b74b7000-7f18b76b6000 ---p 00003000 ca:03 1073                       /lib/x86_64-linux-gnu/libdl-2.27.so
7f18b76b6000-7f18b76b7000 r--p 00002000 ca:03 1073                       /lib/x86_64-linux-gnu/libdl-2.27.so
7f18b76b7000-7f18b76b8000 rw-p 00003000 ca:03 1073                       /lib/x86_64-linux-gnu/libdl-2.27.so
7f18b76b8000-7f18b76d4000 r-xp 00000000 ca:03 1174                       /lib/x86_64-linux-gnu/libz.so.1.2.11
7f18b76d4000-7f18b78d3000 ---p 0001c000 ca:03 1174                       /lib/x86_64-linux-gnu/libz.so.1.2.11
7f18b78d3000-7f18b78d4000 r--p 0001b000 ca:03 1174                       /lib/x86_64-linux-gnu/libz.so.1.2.11
7f18b78d4000-7f18b78d5000 rw-p 0001c000 ca:03 1174                       /lib/x86_64-linux-gnu/libz.so.1.2.11
7f18b78d5000-7f18b7abc000 r-xp 00000000 ca:03 1056                       /lib/x86_64-linux-gnu/libc-2.27.so
7f18b7abc000-7f18b7cbc000 ---p 001e7000 ca:03 1056                       /lib/x86_64-linux-gnu/libc-2.27.so
7f18b7cbc000-7f18b7cc0000 r--p 001e7000 ca:03 1056                       /lib/x86_64-linux-gnu/libc-2.27.so
7f18b7cc0000-7f18b7cc2000 rw-p 001eb000 ca:03 1056                       /lib/x86_64-linux-gnu/libc-2.27.so
7f18b7cc2000-7f18b7cc6000 rw-p 00000000 00:00 0 
7f18b7cc6000-7f18b7cd4000 r-xp 00000000 ca:03 522965                     /usr/lib/jvm/java-8-openjdk-amd64/jre/lib/amd64/jli/libjli.so
7f18b7cd4000-7f18b7ed3000 ---p 0000e000 ca:03 522965                     /usr/lib/jvm/java-8-openjdk-amd64/jre/lib/amd64/jli/libjli.so
7f18b7ed3000-7f18b7ed4000 r--p 0000d000 ca:03 522965                     /usr/lib/jvm/java-8-openjdk-amd64/jre/lib/amd64/jli/libjli.so
7f18b7ed4000-7f18b7ed5000 rw-p 0000e000 ca:03 522965                     /usr/lib/jvm/java-8-openjdk-amd64/jre/lib/amd64/jli/libjli.so
7f18b7ed5000-7f18b7efc000 r-xp 00000000 ca:03 1032                       /lib/x86_64-linux-gnu/ld-2.27.so
7f18b7fe7000-7f18b7fef000 rw-s 00000000 ca:03 772791                     /tmp/hsperfdata_root/18125
7f18b7fef000-7f18b7ff0000 ---p 00000000 00:00 0 
7f18b7ff0000-7f18b7ff3000 ---p 00000000 00:00 0 
7f18b7ff3000-7f18b80f2000 rw-p 00000000 00:00 0 
7f18b80f8000-7f18b80f9000 rw-p 00000000 00:00 0 
7f18b80f9000-7f18b80fa000 r--p 00000000 00:00 0 
7f18b80fa000-7f18b80fc000 rw-p 00000000 00:00 0 
7f18b80fc000-7f18b80fd000 r--p 00027000 ca:03 1032                       /lib/x86_64-linux-gnu/ld-2.27.so
7f18b80fd000-7f18b80fe000 rw-p 00028000 ca:03 1032                       /lib/x86_64-linux-gnu/ld-2.27.so
7f18b80fe000-7f18b80ff000 rw-p 00000000 00:00 0 
7fff0e4d6000-7fff0e4f7000 rw-p 00000000 00:00 0                          [stack]
7fff0e550000-7fff0e553000 r--p 00000000 00:00 0                          [vvar]
7fff0e553000-7fff0e555000 r-xp 00000000 00:00 0                          [vdso]
ffffffffff600000-ffffffffff601000 r-xp 00000000 00:00 0                  [vsyscall]

VM Arguments:
jvm_args: -Xmx1024M -Xms1024M 
java_command: minecraft_server.jar nogui
java_class_path (initial): minecraft_server.jar
Launcher Type: SUN_STANDARD

Environment Variables:
PATH=/usr/local/sbin:/usr/local/bin:/usr/sbin:/usr/bin:/sbin:/bin:/usr/games:/usr/local/games:/snap/bin
SHELL=/bin/bash

Signal Handlers:
SIGSEGV: [libjvm.so+0xabd470], sa_mask[0]=11111111011111111101111111111110, sa_flags=SA_RESTART|SA_SIGINFO
SIGBUS: [libjvm.so+0xabd470], sa_mask[0]=11111111011111111101111111111110, sa_flags=SA_RESTART|SA_SIGINFO
SIGFPE: [libjvm.so+0x8f1c90], sa_mask[0]=11111111011111111101111111111110, sa_flags=SA_RESTART|SA_SIGINFO
SIGPIPE: [libjvm.so+0x8f1c90], sa_mask[0]=11111111011111111101111111111110, sa_flags=SA_RESTART|SA_SIGINFO
SIGXFSZ: [libjvm.so+0x8f1c90], sa_mask[0]=11111111011111111101111111111110, sa_flags=SA_RESTART|SA_SIGINFO
SIGILL: [libjvm.so+0x8f1c90], sa_mask[0]=11111111011111111101111111111110, sa_flags=SA_RESTART|SA_SIGINFO
SIGUSR1: SIG_DFL, sa_mask[0]=00000000000000000000000000000000, sa_flags=none
SIGUSR2: [libjvm.so+0x8f1b40], sa_mask[0]=00000000000000000000000000000000, sa_flags=SA_RESTART|SA_SIGINFO
SIGHUP: SIG_DFL, sa_mask[0]=00000000000000000000000000000000, sa_flags=none
SIGINT: SIG_DFL, sa_mask[0]=00000000000000000000000000000000, sa_flags=none
SIGTERM: SIG_DFL, sa_mask[0]=00000000000000000000000000000000, sa_flags=none
SIGQUIT: SIG_DFL, sa_mask[0]=00000000000000000000000000000000, sa_flags=none


---------------  S Y S T E M  ---------------

OS:DISTRIB_ID=Ubuntu
DISTRIB_RELEASE=18.04
DISTRIB_CODENAME=bionic
DISTRIB_DESCRIPTION="Ubuntu 18.04.4 LTS"

uname:Linux 4.15.0-99-generic #100-Ubuntu SMP Wed Apr 22 20:32:56 UTC 2020 x86_64
libc:glibc 2.27 NPTL 2.27 
rlimit: STACK 8192k, CORE 0k, NPROC 7696, NOFILE 1048576, AS infinity
load average:0.03 0.18 0.21

/proc/meminfo:
MemTotal:        2025188 kB
MemFree:           84400 kB
MemAvailable:     115756 kB
Buffers:           13592 kB
Cached:           134260 kB
SwapCached:            0 kB
Active:          1776656 kB
Inactive:          72232 kB
Active(anon):    1701468 kB
Inactive(anon):      256 kB
Active(file):      75188 kB
Inactive(file):    71976 kB
Unevictable:           0 kB
Mlocked:               0 kB
SwapTotal:             0 kB
SwapFree:              0 kB
Dirty:               184 kB
Writeback:             0 kB
AnonPages:       1701084 kB
Mapped:            48388 kB
Shmem:               640 kB
Slab:              55928 kB
SReclaimable:      31304 kB
SUnreclaim:        24624 kB
KernelStack:        3196 kB
PageTables:         8632 kB
NFS_Unstable:          0 kB
Bounce:                0 kB
WritebackTmp:          0 kB
CommitLimit:     1012592 kB
Committed_AS:    1821140 kB
VmallocTotal:   34359738367 kB
VmallocUsed:           0 kB
VmallocChunk:          0 kB
HardwareCorrupted:     0 kB
AnonHugePages:         0 kB
ShmemHugePages:        0 kB
ShmemPmdMapped:        0 kB
CmaTotal:              0 kB
CmaFree:               0 kB
HugePages_Total:       0
HugePages_Free:        0
HugePages_Rsvd:        0
HugePages_Surp:        0
Hugepagesize:       2048 kB
DirectMap4k:       83964 kB
DirectMap2M:     2004992 kB

container (cgroup) information:
container_type: cgroupv1
cpu_cpuset_cpus: 0
cpu_memory_nodes: 0
active_processor_count: 1
cpu_quota: -1
cpu_period: 100000
cpu_shares: -1
memory_limit_in_bytes: -1
memory_and_swap_limit_in_bytes: -2
memory_soft_limit_in_bytes: -1
memory_usage_in_bytes: 1807228928
memory_max_usage_in_bytes: 1834684416


CPU:total 1 (initial active 1) (16 cores per cpu, 2 threads per core) family 6 model 26 stepping 5, cmov, cx8, fxsr, mmx, sse, sse2, sse3, ssse3, sse4.1, sse4.2, popcnt, ht, tsc

/proc/cpuinfo:
processor	: 0
vendor_id	: GenuineIntel
cpu family	: 6
model		: 26
model name	: Intel(R) Xeon(R) CPU           X5570  @ 2.93GHz
stepping	: 5
microcode	: 0x16
cpu MHz		: 2933.706
cache size	: 8192 KB
physical id	: 0
siblings	: 1
core id		: 0
cpu cores	: 1
apicid		: 0
initial apicid	: 0
fpu		: yes
fpu_exception	: yes
cpuid level	: 11
wp		: yes
flags		: fpu vme de pse tsc msr pae mce cx8 apic sep mtrr pge mca cmov pat pse36 clflush acpi mmx fxsr sse sse2 ht syscall nx rdtscp lm constant_tsc rep_good nopl cpuid pni ssse3 cx16 sse4_1 sse4_2 x2apic popcnt hypervisor lahf_lm cpuid_fault pti
bugs		: cpu_meltdown spectre_v1 spectre_v2 spec_store_bypass l1tf mds swapgs itlb_multihit
bogomips	: 5866.88
clflush size	: 64
cache_alignment	: 64
address sizes	: 40 bits physical, 48 bits virtual
power management:



Memory: 4k page, physical 2025188k(84400k free), swap 0k(0k free)

vm_info: OpenJDK 64-Bit Server VM (25.252-b09) for linux-amd64 JRE (1.8.0_252-8u252-b09-1~18.04-b09), built on Apr 15 2020 18:48:05 by "buildd" with gcc 7.5.0

time: Sat May 16 23:32:01 2020
timezone: EEST
elapsed time: 0 seconds (0d 0h 0m 0s)

