[13:40:53] [Server thread/INFO]: Starting minecraft server version 1.10.2
[13:40:53] [Server thread/INFO]: Loading properties
[13:40:53] [Server thread/INFO]: Default game type: SURVIVAL
[13:40:53] [Server thread/INFO]: This server is running Paper version git-Paper-865 (MC: 1.10.2) (Implementing API version 1.10.2-R0.1-SNAPSHOT)
[13:40:53] [Server thread/INFO]: Debug logging is disabled
[13:40:53] [Server thread/INFO]: Using 4 threads for Netty based IO
[13:40:53] [Server thread/INFO]: Server Ping Player Sample Count: 12
[13:40:53] [Server thread/INFO]: Spigot Timings: true - Verbose: true - Interval: 5m - Length: 60m
[13:40:53] [Server thread/INFO]: Generating keypair
[13:40:53] [Server thread/INFO]: Starting Minecraft server on *:25565
[13:40:53] [Server thread/INFO]: Using default channel type
[13:40:54] [Server thread/INFO]: Set PluginClassLoader as parallel capable
[13:40:54] [Server thread/INFO]: [AutoSaveWorld] Loading AutoSaveWorld v4.15
[13:40:54] [Server thread/INFO]: [SkinsRestorer] Loading SkinsRestorer v13.5-SNAPSHOT
[13:40:54] [Server thread/INFO]: [WorldEdit] Loading WorldEdit v6.1.9-SNAPSHOT;
[13:40:54] [Server thread/INFO]: [Aliaser] Loading Aliaser v1.0
[13:40:54] [Server thread/INFO]: [ReportSystemReloaded] Loading ReportSystemReloaded v2.0
[13:40:54] [Server thread/INFO]: [ClearLag] Loading ClearLag v3.1.6
[13:40:54] [Server thread/INFO]: [PermissionsEx] Loading PermissionsEx v1.23.4
[13:40:54] [Server thread/WARN]: [PermissionsEx] This server is in offline mode. Unless this server is configured to integrate with a supported proxy (see http://dft.ba/-8ous), UUIDs *may not be stable*!
[13:40:54] [Server thread/INFO]: [AutoMessage] Loading AutoMessage vDEV - 1 (git 21d2d7f6)
[13:40:54] [Server thread/INFO]: [RandomTeleport] Loading RandomTeleport v2.5.1
[13:40:54] [Server thread/INFO]: [ViaVersion] Loading ViaVersion v2.1.1
[13:40:54] [Server thread/INFO]: [ViaVersion] ViaVersion 2.1.1 is now loaded, injecting!
[13:40:54] [Server thread/INFO]: [ViaVersion] Loading 1.12.2 -> 1.13 block mapping...
[13:40:54] [Server thread/INFO]: [ViaVersion] Loading 1.12.2 -> 1.13 item mapping...
[13:40:54] [Server thread/INFO]: [ViaVersion] Loading new 1.13 tags...
[13:40:54] [Server thread/INFO]: [ViaVersion] Loading 1.12.2 -> 1.13 enchantment mapping...
[13:40:54] [Server thread/INFO]: [ViaVersion] Loading 1.12.2 -> 1.13 sound mapping...
[13:40:54] [Server thread/INFO]: [ViaVersion] Loading translation mappping
[13:40:54] [Server thread/INFO]: [ViaVersion] Loading 1.13.2 -> 1.14 blockstate mapping...
[13:40:55] [Server thread/INFO]: [ViaVersion] Loading 1.13.2 -> 1.14 block mapping...
[13:40:55] [Server thread/INFO]: [ViaVersion] Loading 1.13.2 -> 1.14 item mapping...
[13:40:55] [Server thread/INFO]: [ViaVersion] Loading 1.13.2 -> 1.14 sound mapping...
[13:40:55] [Server thread/INFO]: [ViaVersion] Loading 1.14 blockstates...
[13:40:55] [Server thread/INFO]: [ViaVersion] Loading 1.14 heightmap data...
[13:40:55] [Server thread/INFO]: [HolographicDisplays] Loading HolographicDisplays v2.4.0
[13:40:55] [Server thread/INFO]: [SmoothTimber] Loading SmoothTimber v1.6.3
[13:40:55] [Server thread/INFO]: [Vault] Loading Vault v1.7.2-b107
[13:40:55] [Server thread/INFO]: [WorldGuard] Loading WorldGuard v6.1.1-SNAPSHOT
[13:40:55] [Server thread/INFO]: [Essentials] Loading Essentials v2.17.1.0
[13:40:55] [Server thread/INFO]: [EssentialsChat] Loading EssentialsChat v2.17.1.15
[13:40:55] [Server thread/INFO]: [AuthMe] Loading AuthMe v5.6.0-SNAPSHOT-b2314
[13:40:55] [Server thread/INFO]: Server permissions file permissions.yml is empty, ignoring it
[13:40:55] [Server thread/INFO]: [AutoSaveWorld] Enabling AutoSaveWorld v4.15
[13:40:55] [Server thread/INFO]: [Vault] Enabling Vault v1.7.2-b107
[13:40:55] [Server thread/INFO]: [Vault] [Economy] Essentials Economy found: Waiting
[13:40:55] [Server thread/INFO]: [Vault] [Permission] PermissionsEx found: Waiting
[13:40:55] [Server thread/INFO]: [Vault] [Permission] SuperPermissions loaded as backup permission system.
[13:40:55] [Server thread/INFO]: [Vault] [Chat] PermissionsEx found: Waiting
[13:40:55] [Server thread/INFO]: [Vault] Enabled Version 1.7.2-b107
[13:40:55] [Server thread/WARN]: **** SERVER IS RUNNING IN OFFLINE/INSECURE MODE!
[13:40:55] [Server thread/WARN]: The server will make no attempt to authenticate usernames. Beware.
[13:40:55] [Server thread/WARN]: While this makes the game possible to play without internet access, it also opens up the ability for hackers to connect with any username they choose.
[13:40:55] [Server thread/WARN]: To change this, set "online-mode" to "true" in the server.properties file.
[13:40:55] [Server thread/INFO]: **** Beginning UUID conversion, this may take A LONG time ****
[13:40:55] [Server thread/INFO]: Preparing level "world"
[13:40:55] [Server thread/INFO]: -------- World Settings For [world] --------
[13:40:55] [Server thread/INFO]: Tile Max Tick Time: 50ms Entity max Tick Time: 50ms
[13:40:55] [Server thread/INFO]: Max TNT Explosions: 100
[13:40:55] [Server thread/INFO]: Random Lighting Updates: false
[13:40:55] [Server thread/INFO]: Hopper Transfer: 8 Hopper Check: 8 Hopper Amount: 1
[13:40:55] [Server thread/INFO]: Structure Info Saving: true
[13:40:55] [Server thread/INFO]: Mob Spawn Range: 4
[13:40:55] [Server thread/INFO]: Cactus Growth Modifier: 100%
[13:40:55] [Server thread/INFO]: Cane Growth Modifier: 100%
[13:40:55] [Server thread/INFO]: Melon Growth Modifier: 100%
[13:40:55] [Server thread/INFO]: Mushroom Growth Modifier: 100%
[13:40:55] [Server thread/INFO]: Pumpkin Growth Modifier: 100%
[13:40:55] [Server thread/INFO]: Sapling Growth Modifier: 100%
[13:40:55] [Server thread/INFO]: Wheat Growth Modifier: 100%
[13:40:55] [Server thread/INFO]: NetherWart Growth Modifier: 100%
[13:40:55] [Server thread/INFO]: Vine Growth Modifier: 100%
[13:40:55] [Server thread/INFO]: Cocoa Growth Modifier: 100%
[13:40:55] [Server thread/INFO]: Entity Tracking Range: Pl 48 / An 48 / Mo 48 / Mi 32 / Other 64
[13:40:55] [Server thread/INFO]: Entity Activation Range: An 32 / Mo 32 / Mi 16
[13:40:55] [Server thread/INFO]: Item Merge Radius: 3.0
[13:40:55] [Server thread/INFO]: Item Despawn Rate: 6000
[13:40:55] [Server thread/INFO]: Arrow Despawn Rate: 1200
[13:40:55] [Server thread/INFO]: Allow Zombie Pigmen to spawn from portal blocks: true
[13:40:55] [Server thread/INFO]: Zombie Aggressive Towards Villager: true
[13:40:55] [Server thread/INFO]: View Distance: 10
[13:40:55] [Server thread/INFO]: Experience Merge Radius: 6.0
[13:40:55] [Server thread/INFO]: Nerfing mobs spawned from spawners: false
[13:40:55] [Server thread/INFO]: Custom Map Seeds:  Village: 10387312 Feature: 14357617
[13:40:55] [Server thread/INFO]: Max Entity Collisions: 8
[13:40:55] [Server thread/INFO]: -------- World Settings For [world_nether] --------
[13:40:55] [Server thread/INFO]: Tile Max Tick Time: 50ms Entity max Tick Time: 50ms
[13:40:55] [Server thread/INFO]: Max TNT Explosions: 100
[13:40:55] [Server thread/INFO]: Random Lighting Updates: false
[13:40:55] [Server thread/INFO]: Hopper Transfer: 8 Hopper Check: 8 Hopper Amount: 1
[13:40:55] [Server thread/INFO]: Structure Info Saving: true
[13:40:55] [Server thread/INFO]: Mob Spawn Range: 4
[13:40:55] [Server thread/INFO]: Cactus Growth Modifier: 100%
[13:40:55] [Server thread/INFO]: Cane Growth Modifier: 100%
[13:40:55] [Server thread/INFO]: Melon Growth Modifier: 100%
[13:40:55] [Server thread/INFO]: Mushroom Growth Modifier: 100%
[13:40:55] [Server thread/INFO]: Pumpkin Growth Modifier: 100%
[13:40:55] [Server thread/INFO]: Sapling Growth Modifier: 100%
[13:40:55] [Server thread/INFO]: Wheat Growth Modifier: 100%
[13:40:55] [Server thread/INFO]: NetherWart Growth Modifier: 100%
[13:40:55] [Server thread/INFO]: Vine Growth Modifier: 100%
[13:40:55] [Server thread/INFO]: Cocoa Growth Modifier: 100%
[13:40:55] [Server thread/INFO]: Entity Tracking Range: Pl 48 / An 48 / Mo 48 / Mi 32 / Other 64
[13:40:55] [Server thread/INFO]: Entity Activation Range: An 32 / Mo 32 / Mi 16
[13:40:55] [Server thread/INFO]: Item Merge Radius: 3.0
[13:40:55] [Server thread/INFO]: Item Despawn Rate: 6000
[13:40:55] [Server thread/INFO]: Arrow Despawn Rate: 1200
[13:40:55] [Server thread/INFO]: Allow Zombie Pigmen to spawn from portal blocks: true
[13:40:55] [Server thread/INFO]: Zombie Aggressive Towards Villager: true
[13:40:55] [Server thread/INFO]: View Distance: 10
[13:40:55] [Server thread/INFO]: Experience Merge Radius: 6.0
[13:40:55] [Server thread/INFO]: Nerfing mobs spawned from spawners: false
[13:40:55] [Server thread/INFO]: Custom Map Seeds:  Village: 10387312 Feature: 14357617
[13:40:55] [Server thread/INFO]: Max Entity Collisions: 8
[13:40:55] [Server thread/INFO]: Preparing start region for level 0 (Seed: -6342364834771568052)
[13:40:56] [Server thread/INFO]: Preparing start region for level 1 (Seed: -6342364834771568052)
[13:40:56] [Server thread/INFO]: [SkinsRestorer] Enabling SkinsRestorer v13.5-SNAPSHOT
[13:40:56] [Server thread/INFO]: [0;33;1m[[0;32;22mSkinsRestorer[0;33;1m] [0;32;1mDetected Minecraft [0;33;1mv1_10_R1[0;32;1m, using [0;33;1mUniversalSkinFactory[0;32;1m.[m
[13:40:56] [Server thread/INFO]: [WorldEdit] Enabling WorldEdit v6.1.9-SNAPSHOT;
[13:40:56] [Server thread/INFO]: WEPIF: Использование Bukkit Permissions API.
[13:40:56] [Server thread/INFO]: [WorldEdit] Использую com.sk89q.worldedit.bukkit.adapter.impl.Spigot_v1_10_R1 для Bukkit адаптеров
[13:40:56] [Server thread/INFO]: [Aliaser] Enabling Aliaser v1.0
[13:40:56] [Server thread/INFO]: [ReportSystemReloaded] Enabling ReportSystemReloaded v2.0
[13:40:56] [Server thread/INFO]: [0;37;22m[[0;31;1mReportsystem Reloaded[0;37;22m] [0;32;1mPlugin enabled. A plugin by GoldenretriverYT[m
[13:40:56] [Server thread/INFO]: [ClearLag] Enabling ClearLag v3.1.6
[13:40:56] [Server thread/INFO]: [ClearLag] Loading modules...
[13:40:56] [Server thread/INFO]: [ClearLag] Modules enabed, loading config values
[13:40:56] [Server thread/INFO]: [ClearLag] Modules have been loaded!
[13:40:56] [Server thread/INFO]: [ClearLag] Clearlag is now enabled!
[13:40:56] [Thread-10/INFO]: [ClearLag] Checking for updates compatible with your bukkit version [1.10]...
[13:40:56] [Server thread/INFO]: [PermissionsEx] Enabling PermissionsEx v1.23.4
[13:40:56] [Server thread/INFO]: [PermissionsEx] Initializing file backend
[13:40:56] [Server thread/INFO]: [PermissionsEx] Permissions file successfully reloaded
[13:40:56] [Server thread/INFO]: WEPIF: PermissionsEx обнаружен! Использую PermissionEx для разрешений.
[13:40:56] [Server thread/INFO]: [Vault][Permission] PermissionsEx hooked.
[13:40:56] [Server thread/INFO]: [Vault] [Vault][Chat] PermissionsEx_Chat hooked.
[13:40:56] [Server thread/INFO]: [AutoMessage] Enabling AutoMessage vDEV - 1 (git 21d2d7f6)
[13:40:56] [Server thread/INFO]: [RandomTeleport] Enabling RandomTeleport v2.5.1
[13:40:56] [Server thread/INFO]: [RandomTeleport] Plugin Enabled !
[13:40:56] [Server thread/INFO]: [ViaVersion] Enabling ViaVersion v2.1.1
[13:40:56] [Server thread/INFO]: [HolographicDisplays] Enabling HolographicDisplays v2.4.0
[13:40:56] [Server thread/INFO]: [SmoothTimber] Enabling SmoothTimber v1.6.3
[13:40:56] [Server thread/INFO]: [0;30;1m[[0;35;22mSmooth[0;35;1mTimber[0;30;1m] [0;37;22mYou're currently using the [0;32;1msupported[0;37;22m Minecraft Version [0;32;1m1.10.2[m
[13:40:56] [Server thread/INFO]: [WorldGuard] Enabling WorldGuard v6.1.1-SNAPSHOT
[13:40:56] [Server thread/INFO]: [WorldGuard] (world) TNT ignition is PERMITTED.
[13:40:56] [Server thread/INFO]: [WorldGuard] (world) Lighters are PERMITTED.
[13:40:56] [Server thread/INFO]: [WorldGuard] (world) Lava fire is blocked.
[13:40:56] [Server thread/INFO]: [WorldGuard] (world) Fire spread is UNRESTRICTED.
[13:40:56] [Server thread/INFO]: [WorldGuard] Loaded configuration for world 'world'
[13:40:56] [Server thread/INFO]: [WorldGuard] (world_nether) TNT ignition is PERMITTED.
[13:40:56] [Server thread/INFO]: [WorldGuard] (world_nether) Lighters are PERMITTED.
[13:40:56] [Server thread/INFO]: [WorldGuard] (world_nether) Lava fire is blocked.
[13:40:56] [Server thread/INFO]: [WorldGuard] (world_nether) Fire spread is UNRESTRICTED.
[13:40:56] [Server thread/INFO]: [WorldGuard] Loaded configuration for world 'world_nether'
[13:40:56] [Server thread/INFO]: [WorldGuard] Loading region data...
[13:40:56] [Server thread/INFO]: [Essentials] Enabling Essentials v2.17.1.0
[13:40:56] [Server thread/WARN]: [Essentials] ?4Version mismatch! Please update EssentialsChat to the same version.
[13:40:56] [Server thread/INFO]: Attempting to convert old kits in config.yml to new kits.yml
[13:40:56] [Server thread/INFO]: No kits found to migrate.
[13:40:56] [Thread-10/WARN]: [ClearLag] Clearlag failed to check for updates - bukkit may be down
[13:40:56] [Thread-11/ERROR]: [PermissionsEx] The updater could not contact dev.bukkit.org for updating.
[13:40:57] [Thread-11/ERROR]: [PermissionsEx] If you have not recently modified your configuration and this is the first time you are seeing this message, the site may be experiencing temporary downtime.
[13:40:57] [Thread-11/ERROR]: [PermissionsEx] null
java.io.IOException: Server returned HTTP response code: 503 for URL: https://api.curseforge.com/servermods/files?projectIds=31279
	at sun.net.www.protocol.http.HttpURLConnection.getInputStream0(Unknown Source) ~[?:1.8.0_45]
	at sun.net.www.protocol.http.HttpURLConnection.getInputStream(Unknown Source) ~[?:1.8.0_45]
	at sun.net.www.protocol.https.HttpsURLConnectionImpl.getInputStream(Unknown Source) ~[?:1.8.0_45]
	at ru.tehkode.libs.net.gravitydevelopment.updater.Updater.read(Updater.java:643) [permissionsex-1.23.4.jar:?]
	at ru.tehkode.libs.net.gravitydevelopment.updater.Updater.runUpdater(Updater.java:718) [permissionsex-1.23.4.jar:?]
	at ru.tehkode.libs.net.gravitydevelopment.updater.Updater.access$100(Updater.java:36) [permissionsex-1.23.4.jar:?]
	at ru.tehkode.libs.net.gravitydevelopment.updater.Updater$UpdateRunnable.run(Updater.java:713) [permissionsex-1.23.4.jar:?]
	at java.lang.Thread.run(Unknown Source) [?:1.8.0_45]
[13:40:57] [Server thread/INFO]: [Essentials] Using legacy item data provider as mob spawner provider.
[13:40:57] [Server thread/INFO]: [Essentials] Using Reflection based provider as spawn egg provider.
[13:40:57] [Server thread/INFO]: [Essentials] Using 1.9+ BasePotionData provider as potion meta provider.
[13:40:57] [Server thread/INFO]: Loaded 852 items from items.csv.
[13:40:57] [Server thread/INFO]: Using locale ru_RU
[13:40:57] [Server thread/INFO]: [Essentials] ServerListPingEvent: Spigot iterator API
[13:40:57] [Server thread/INFO]: [Essentials] Starting Metrics. Opt-out using the global bStats config.
[13:40:57] [Server thread/INFO]: [Vault] [Vault][Economy] Essentials Economy hooked.
[13:40:57] [Server thread/INFO]: [Essentials] Using Vault based permissions (PermissionsEx)
[13:40:57] [Server thread/INFO]: [EssentialsChat] Enabling EssentialsChat v2.17.1.15
[13:40:57] [Server thread/WARN]: [EssentialsChat] ?4Версии не совпадают! Обнови все компоненты Essentials до актуальной версии.
[13:40:57] [Server thread/INFO]: [AuthMe] Enabling AuthMe v5.6.0-SNAPSHOT-b2314
[13:40:57] [Server thread/INFO]: [AuthMe] SQLite Setup finished
[13:40:57] [Server thread/INFO]: [AuthMe] Hooked into PermissionsEx!
[13:40:57] [Server thread/INFO]: [AuthMe] Hooked successfully into Essentials
[13:40:57] [Server thread/INFO]: [AuthMe] Essentials spawn file not found: 'C:\Users\Богдан\Desktop\GIT\ServerMCraft\plugins\Essentials\spawn.yml'
[13:40:57] [Server thread/WARN]: [AuthMe] WARNING! The denyTabComplete feature requires ProtocolLib! Disabling it...
[13:40:57] [Server thread/INFO]: [AuthMe] AuthMe 5.6.0-SNAPSHOT build n.2314 successfully enabled!
[13:40:57] [Server thread/INFO]: [AuthMe] Automatically purging the database...
[13:40:57] [Server thread/INFO]: [AuthMe] No players to purge
[13:40:57] [Server thread/INFO]: Done (2,197s)! For help, type "help" or "?"
[13:40:57] [Server thread/INFO]: Timings Reset
[13:40:57] [Server thread/INFO]: [ViaVersion] ViaVersion detected server version: 1.10(210)
[13:40:57] [Server thread/INFO]: [ViaVersion] Enabling Paper/TacoSpigot/Torch patch: Fixes block placement.
[13:40:57] [Craft Scheduler Thread - 4/INFO]: [Vault] Checking for Updates ... 
[13:40:57] [Craft Scheduler Thread - 5/INFO]: [AuthMe] Downloading GEO IP database, because the old database is older than 30 days or doesn't exist
[13:40:57] [Craft Scheduler Thread - 5/WARN]: [AuthMe] Could not download GeoLiteAPI database [UnknownHostException]: geolite.maxmind.com
[13:40:57] [Craft Scheduler Thread - 0/WARN]: [HolographicDisplays] Could not contact BukkitDev to check for updates.
[13:40:57] [Craft Scheduler Thread - 4/INFO]: [Vault] There was an issue attempting to check for the latest version.
[13:40:57] [Craft Scheduler Thread - 4/INFO]: [Vault] No new version available
[13:40:58] [Craft Scheduler Thread - 3/WARN]: [SpigetUpdate] Invalid SemVer versions specified [135-SNAPSHOT] [1379]
[13:40:58] [Craft Scheduler Thread - 3/INFO]: [0;33;1m[[0;32;22mSkinsRestorer[0;33;1m] [0;32;1m----------------------------------------------[m
[13:40:58] [Craft Scheduler Thread - 3/INFO]: [0;33;1m[[0;32;22mSkinsRestorer[0;33;1m] [0;32;1m    +===============+[m
[13:40:58] [Craft Scheduler Thread - 3/INFO]: [0;33;1m[[0;32;22mSkinsRestorer[0;33;1m] [0;32;1m    | SkinsRestorer |[m
[13:40:58] [Craft Scheduler Thread - 3/INFO]: [0;33;1m[[0;32;22mSkinsRestorer[0;33;1m] [0;32;1m    +===============+[m
[13:40:58] [Craft Scheduler Thread - 3/INFO]: [0;33;1m[[0;32;22mSkinsRestorer[0;33;1m] [0;32;1m----------------------------------------------[m
[13:40:58] [Craft Scheduler Thread - 3/INFO]: [0;33;1m[[0;32;22mSkinsRestorer[0;33;1m] [0;36;1m    Current version: [0;32;1m13.5-SNAPSHOT[m
[13:40:58] [Craft Scheduler Thread - 3/INFO]: [0;33;1m[[0;32;22mSkinsRestorer[0;33;1m] [0;32;1m    This is the latest version![m
[13:40:58] [Craft Scheduler Thread - 3/INFO]: [0;33;1m[[0;32;22mSkinsRestorer[0;33;1m] [0;32;1m----------------------------------------------[m
